Arguments: 
  /Users/afraser/.nvm/versions/node/v14.8.0/bin/node /Users/afraser/.yarn/bin/yarn.js init

PATH: 
  /Users/afraser/.nvm/versions/node/v14.8.0/bin:/Users/afraser/.yarn/bin:/Users/afraser/.config/yarn/global/node_modules/.bin:/usr/local/opt/gettext/bin:/Users/afraser/.local/bin:/usr/local/opt/gnu-sed/libexec/gnubin:/Users/afraser/.mangahigh/phacility/arcanist/bin/:/usr/local/bin:/usr/bin:/bin:/usr/sbin:/sbin:/usr/local/bin:/usr/bin:/bin:/usr/sbin:/sbin:/Library/Apple/usr/bin

Yarn version: 
  1.22.4

Node version: 
  14.8.0

Platform: 
  darwin x64

Trace: 
  Error: canceled
      at Interface.<anonymous> (/Users/afraser/.yarn/lib/cli.js:137008:13)
      at Interface.emit (events.js:314:20)
      at Interface._ttyWrite (readline.js:875:16)
      at ReadStream.onkeypress (readline.js:213:10)
      at ReadStream.emit (events.js:314:20)
      at emitKeys (internal/readline/utils.js:335:14)
      at emitKeys.next (<anonymous>)
      at ReadStream.onData (readline.js:1144:36)
      at ReadStream.emit (events.js:314:20)
      at addChunk (_stream_readable.js:303:12)

npm manifest: 
  No manifest

yarn manifest: 
  No manifest

Lockfile: 
  No lockfile
